-------------------------------------------------------------------------------
Test set: pl.maniaq.library.LibraryApplicationTests
-------------------------------------------------------------------------------
Tests run: 1, Failures: 0, Errors: 1, Skipped: 0, Time elapsed: 2.861 s <<< FAILURE! - in pl.maniaq.library.LibraryApplicationTests
contextLoads(pl.maniaq.library.LibraryApplicationTests)  Time elapsed: 0.012 s  <<< ERROR!
java.lang.IllegalStateException: Failed to load ApplicationContext
Caused by: org.springframework.beans.factory.BeanCreationException: Error creating bean with name 'entityManagerFactory' defined in class path resource [org/springframework/boot/autoconfigure/orm/jpa/HibernateJpaConfiguration.class]: Invocation of init method failed; nested exception is java.lang.NoClassDefFoundError: org/hibernate/boot/registry/classloading/internal/ClassLoaderServiceImpl$Work
Caused by: java.lang.NoClassDefFoundError: org/hibernate/boot/registry/classloading/internal/ClassLoaderServiceImpl$Work
Caused by: java.lang.ClassNotFoundException: org.hibernate.boot.registry.classloading.internal.ClassLoaderServiceImpl$Work

